<?xml version="1.0" encoding="UTF-8"?>
<!-- Generated by org.testng.reporters.JUnitReportReporter -->
<testsuite skipped="0" hostname="MS-20180208AJUQ" name="testcases.BaiduTest" tests="1" failures="0" timestamp="18 九月 2018 13:28:08 GMT" time="15.200" errors="0">
  <testcase name="f" time="15.200" classname="testcases.BaiduTest"/>
</testsuite> <!-- testcases.BaiduTest -->
