<?xml version="1.0" encoding="UTF-8"?>
<!-- Generated by org.testng.reporters.JUnitReportReporter -->
<testsuite skipped="0" hostname="MS-20180208AJUQ" name="testcases.NewTest" tests="1" failures="0" timestamp="18 九月 2018 13:11:23 GMT" time="17.404" errors="0">
  <testcase name="f" time="17.404" classname="testcases.NewTest"/>
</testsuite> <!-- testcases.NewTest -->
